\BOOKMARK [1][-]{section.1}{Introcution}{}% 1
\BOOKMARK [1][-]{section.2}{Background}{}% 2
\BOOKMARK [2][-]{subsection.2.1}{The Original Graph}{section.2}% 3
\BOOKMARK [2][-]{subsection.2.2}{Graph Definition}{section.2}% 4
\BOOKMARK [2][-]{subsection.2.3}{The Minimum Spanning Tree Problem}{section.2}% 5
\BOOKMARK [2][-]{subsection.2.4}{Swarm Intelligence}{section.2}% 6
\BOOKMARK [2][-]{subsection.2.5}{Deterministic Algorithms}{section.2}% 7
\BOOKMARK [3][-]{subsubsection.2.5.1}{Kruskal's Algorithm}{subsection.2.5}% 8
\BOOKMARK [2][-]{subsection.2.6}{Natural Algorithms}{section.2}% 9
\BOOKMARK [3][-]{subsubsection.2.6.1}{Stochastic Diffusion Search}{subsection.2.6}% 10
\BOOKMARK [3][-]{subsubsection.2.6.2}{Genetic Algorithm}{subsection.2.6}% 11
\BOOKMARK [3][-]{subsubsection.2.6.3}{Imperialist Competitive Algorithm}{subsection.2.6}% 12
\BOOKMARK [1][-]{section.3}{Other Algorithms}{}% 13
\BOOKMARK [2][-]{subsection.3.1}{Quicksort}{section.3}% 14
\BOOKMARK [2][-]{subsection.3.2}{Depth First Search}{section.3}% 15
\BOOKMARK [2][-]{subsection.3.3}{Stochastic Kruskal}{section.3}% 16
\BOOKMARK [1][-]{section.4}{Testing and Specifications}{}% 17
\BOOKMARK [1][-]{section.5}{Design and Implementation}{}% 18
\BOOKMARK [2][-]{subsection.5.1}{Overall Design}{section.5}% 19
\BOOKMARK [2][-]{subsection.5.2}{Vertex Class}{section.5}% 20
\BOOKMARK [2][-]{subsection.5.3}{Edge Class}{section.5}% 21
\BOOKMARK [2][-]{subsection.5.4}{EWG Class}{section.5}% 22
\BOOKMARK [2][-]{subsection.5.5}{Agent Class}{section.5}% 23
\BOOKMARK [2][-]{subsection.5.6}{SDS Class}{section.5}% 24
\BOOKMARK [2][-]{subsection.5.7}{Kruskal Class}{section.5}% 25
\BOOKMARK [1][-]{section.6}{Experiments}{}% 26
\BOOKMARK [1][-]{section.7}{Results}{}% 27
\BOOKMARK [1][-]{section.8}{Discussion}{}% 28
\BOOKMARK [1][-]{section.9}{Evaluation}{}% 29
\BOOKMARK [1][-]{section.10}{Conclusion}{}% 30
\BOOKMARK [1][-]{section.11}{Appendix}{}% 31
